<?xml version="1.0" encoding="UTF-8"?>
<testng-results skipped="0" failed="0" total="1" passed="1">
  <reporter-output>
  </reporter-output>
  <suite name="Default suite" duration-ms="34745" started-at="2014-10-04T14:56:56Z" finished-at="2014-10-04T14:57:31Z">
    <groups>
    </groups>
    <test name="Default test" duration-ms="34745" started-at="2014-10-04T14:56:56Z" finished-at="2014-10-04T14:57:31Z">
      <class name="practicethree.SeleniumTestCases">
        <test-method status="PASS" signature="initalize()[pri:0, instance:practicethree.SeleniumTestCases@5c986d35]" name="initalize" is-config="true" duration-ms="9508" started-at="2014-10-04T22:56:56Z" finished-at="2014-10-04T22:57:05Z">
          <reporter-output>
          </reporter-output>
        </test-method> <!-- initalize -->
        <test-method status="PASS" signature="upload()[pri:0, instance:practicethree.SeleniumTestCases@5c986d35]" name="upload" duration-ms="23825" started-at="2014-10-04T22:57:05Z" finished-at="2014-10-04T22:57:29Z">
          <reporter-output>
          </reporter-output>
        </test-method> <!-- upload -->
        <test-method status="PASS" signature="realse()[pri:0, instance:practicethree.SeleniumTestCases@5c986d35]" name="realse" is-config="true" duration-ms="1400" started-at="2014-10-04T22:57:29Z" finished-at="2014-10-04T22:57:31Z">
          <reporter-output>
          </reporter-output>
        </test-method> <!-- realse -->
      </class> <!-- practicethree.SeleniumTestCases -->
    </test> <!-- Default test -->
  </suite> <!-- Default suite -->
</testng-results>
